#
# A fatal error has been detected by the Java Runtime Environment:
#
#  EXCEPTION_ACCESS_VIOLATION (0xc0000005) at pc=0x0000000064dd00c0, pid=252, tid=0x00000000000004cc
#
# JRE version: Java(TM) SE Runtime Environment (8.0_181-b13) (build 1.8.0_181-b13)
# Java VM: Java HotSpot(TM) 64-Bit Server VM (25.181-b13 mixed mode windows-amd64 compressed oops)
# Problematic frame:
# V  [jvm.dll+0xc00c0]
#
# Failed to write core dump. Minidumps are not enabled by default on client versions of Windows
#
# If you would like to submit a bug report, please visit:
#   http://bugreport.java.com/bugreport/crash.jsp
#

---------------  T H R E A D  ---------------

Current thread (0x000000000312d800):  JavaThread "main" [_thread_in_vm, id=1228, stack(0x0000000002f50000,0x0000000003050000)]

siginfo: ExceptionCode=0xc0000005, reading address 0x00000000c0006634

Registers:
RAX=0x00003f72d1e4fdee, RBX=0x0000000000000000, RCX=0x000000000304c5a0, RDX=0x00000000c0006598
RSP=0x000000000304c400, RBP=0x00000000282aec50, RSI=0x00000000031e7168, RDI=0x0000000000000027
R8 =0x00000000031e7168, R9 =0x0000000000000027, R10=0x000000000304c729, R11=0x000000000304c778
R12=0x000000000304c6b8, R13=0x0000000000000000, R14=0x000000000304c630, R15=0x000000000312d800
RIP=0x0000000064dd00c0, EFLAGS=0x0000000000010206

Top of Stack: (sp=0x000000000304c400)
0x000000000304c400:   00000000031e7ba8 000000000406c552
0x000000000304c410:   000000000317eb00 0000000000000000
0x000000000304c420:   0000000000000000 0000000064d459c5
0x000000000304c430:   000000000406c552 00007ff8062f0428
0x000000000304c440:   00000007c0009a20 0000000064d8dbbd
0x000000000304c450:   0000000000000000 0000000064d67ab3
0x000000000304c460:   0000000000000001 0000000064f277ad
0x000000000304c470:   000000000000000c 0000000064e19f40
0x000000000304c480:   0000000c257a9400 000000000000000c
0x000000000304c490:   0000000028dcbac0 0000000064f2e362
0x000000000304c4a0:   000000000312d800 0000000000000000
0x000000000304c4b0:   0000000000000000 0000000064d459c5
0x000000000304c4c0:   0000000028d0d900 0000000000000001
0x000000000304c4d0:   00000007174621f8 0000000000000000
0x000000000304c4e0:   000000000304c620 00000000033bb3dc
0x000000000304c4f0:   000000000312d800 0000000025d51228 

Instructions: (pc=0x0000000064dd00c0)
0x0000000064dd00a0:   48 89 54 24 10 53 57 48 81 ec 48 01 00 00 48 8b
0x0000000064dd00b0:   05 cb 17 73 00 48 33 c4 48 89 84 24 10 01 00 00
0x0000000064dd00c0:   8b 82 9c 00 00 00 48 8b 9c 24 90 01 00 00 48 8b
0x0000000064dd00d0:   f9 c1 e8 09 48 89 5c 24 38 c6 44 24 30 00 a8 01 


Register to memory mapping:

RAX=0x00003f72d1e4fdee is an unknown value
RBX=0x0000000000000000 is an unknown value
RCX=0x000000000304c5a0 is pointing into the stack for thread: 0x000000000312d800
RDX=0x00000000c0006598 is an unknown value
RSP=0x000000000304c400 is pointing into the stack for thread: 0x000000000312d800
RBP=0x00000000282aec50 is an unknown value
RSI=0x00000000031e7168 is an unknown value
RDI=0x0000000000000027 is an unknown value
R8 =0x00000000031e7168 is an unknown value
R9 =0x0000000000000027 is an unknown value
R10=0x000000000304c729 is pointing into the stack for thread: 0x000000000312d800
R11=0x000000000304c778 is pointing into the stack for thread: 0x000000000312d800
R12=0x000000000304c6b8 is pointing into the stack for thread: 0x000000000312d800
R13=0x0000000000000000 is an unknown value
R14=0x000000000304c630 is pointing into the stack for thread: 0x000000000312d800
R15=0x000000000312d800 is a thread


Stack: [0x0000000002f50000,0x0000000003050000],  sp=0x000000000304c400,  free space=1009k
Native frames: (J=compiled Java code, j=interpreted, Vv=VM code, C=native code)
V  [jvm.dll+0xc00c0]
V  [jvm.dll+0xc15d4]
V  [jvm.dll+0x216530]
V  [jvm.dll+0x2167be]
V  [jvm.dll+0xf2ef4]
C  0x000000000000008d

Java frames: (J=compiled Java code, j=interpreted, Vv=VM code)
j  java.lang.Class.getDeclaredConstructors0(Z)[Ljava/lang/reflect/Constructor;+0
j  java.lang.Class.privateGetDeclaredConstructors(Z)[Ljava/lang/reflect/Constructor;+58
j  java.lang.Class.getConstructor0([Ljava/lang/Class;I)Ljava/lang/reflect/Constructor;+10
j  java.lang.Class.newInstance()Ljava/lang/Object;+46
j  sun.reflect.MethodAccessorGenerator$1.run()Lsun/reflect/MagicAccessorImpl;+24
j  sun.reflect.MethodAccessorGenerator$1.run()Ljava/lang/Object;+1
v  ~StubRoutines::call_stub
j  java.security.AccessController.doPrivileged(Ljava/security/PrivilegedAction;)Ljava/lang/Object;+0
j  sun.reflect.MethodAccessorGenerator.generate(Ljava/lang/Class;Ljava/lang/String;[Ljava/lang/Class;Ljava/lang/Class;[Ljava/lang/Class;IZZLjava/lang/Class;)Lsun/reflect/MagicAccessorImpl;+755
j  sun.reflect.MethodAccessorGenerator.generateMethod(Ljava/lang/Class;Ljava/lang/String;[Ljava/lang/Class;Ljava/lang/Class;[Ljava/lang/Class;I)Lsun/reflect/MethodAccessor;+13
j  sun.reflect.NativeMethodAccessorImpl.invoke(Ljava/lang/Object;[Ljava/lang/Object;)Ljava/lang/Object;+79
j  sun.reflect.DelegatingMethodAccessorImpl.invoke(Ljava/lang/Object;[Ljava/lang/Object;)Ljava/lang/Object;+6
j  java.lang.reflect.Method.invoke(Ljava/lang/Object;[Ljava/lang/Object;)Ljava/lang/Object;+56
j  org.codehaus.groovy.reflection.CachedMethod.invoke(Ljava/lang/Object;[Ljava/lang/Object;)Ljava/lang/Object;+6
j  groovy.lang.MetaMethod.doMethodInvoke(Ljava/lang/Object;[Ljava/lang/Object;)Ljava/lang/Object;+9
j  org.codehaus.groovy.runtime.metaclass.ClosureMetaClass.invokeMethod(Ljava/lang/Class;Ljava/lang/Object;Ljava/lang/String;[Ljava/lang/Object;ZZ)Ljava/lang/Object;+225
j  groovy.lang.MetaClassImpl.invokeMethod(Ljava/lang/Object;Ljava/lang/String;[Ljava/lang/Object;)Ljava/lang/Object;+10
j  org.codehaus.groovy.runtime.callsite.PogoMetaClassSite.call(Ljava/lang/Object;[Ljava/lang/Object;)Ljava/lang/Object;+18
j  org.codehaus.groovy.runtime.callsite.BooleanReturningMethodInvoker.invoke(Ljava/lang/Object;[Ljava/lang/Object;)Z+11
j  org.codehaus.groovy.runtime.callsite.BooleanClosureWrapper.call([Ljava/lang/Object;)Z+9
j  org.codehaus.groovy.runtime.callsite.BooleanClosureWrapper.callForMap(Ljava/util/Map$Entry;)Z+31
j  org.codehaus.groovy.runtime.DefaultGroovyMethods.findAll(Ljava/util/Map;Lgroovy/lang/Closure;)Ljava/util/Map;+52
j  grails.util.Metadata.afterLoading()V+23
j  grails.util.Metadata.loadFromDefault()V+245
j  grails.util.Metadata.<init>()V+31
j  grails.util.Metadata.getCurrent()Lgrails/util/Metadata;+22
j  grails.util.Environment.resolveCurrentEnvironment()Lgrails/util/Environment;+11
j  grails.util.Environment.cacheCurrentEnvironment()Lgrails/util/Environment;+0
j  grails.util.Environment.getCurrent()Lgrails/util/Environment;+38
j  grails.util.Environment.<clinit>()V+192
v  ~StubRoutines::call_stub
j  org.grails.build.parsing.CommandLineParser.<clinit>()V+29
v  ~StubRoutines::call_stub
j  org.grails.cli.GrailsCli.<init>()V+32
j  org.grails.cli.GrailsCli.main([Ljava/lang/String;)V+71
v  ~StubRoutines::call_stub

---------------  P R O C E S S  ---------------

Java Threads: ( => current thread )
  0x000000002813d800 JavaThread "Service Thread" daemon [_thread_blocked, id=11832, stack(0x0000000028a20000,0x0000000028b20000)]
  0x00000000280b5800 JavaThread "C1 CompilerThread2" daemon [_thread_blocked, id=3696, stack(0x0000000028920000,0x0000000028a20000)]
  0x000000002805b800 JavaThread "C2 CompilerThread1" daemon [_thread_blocked, id=680, stack(0x0000000028820000,0x0000000028920000)]
  0x0000000028058800 JavaThread "C2 CompilerThread0" daemon [_thread_blocked, id=4504, stack(0x0000000028720000,0x0000000028820000)]
  0x0000000028057800 JavaThread "Attach Listener" daemon [_thread_blocked, id=11348, stack(0x0000000028620000,0x0000000028720000)]
  0x00000000280b0000 JavaThread "Signal Dispatcher" daemon [_thread_blocked, id=13356, stack(0x0000000028520000,0x0000000028620000)]
  0x0000000028040800 JavaThread "Finalizer" daemon [_thread_blocked, id=13724, stack(0x0000000028420000,0x0000000028520000)]
  0x0000000003229000 JavaThread "Reference Handler" daemon [_thread_blocked, id=4084, stack(0x0000000027f20000,0x0000000028020000)]
=>0x000000000312d800 JavaThread "main" [_thread_in_vm, id=1228, stack(0x0000000002f50000,0x0000000003050000)]

Other Threads:
  0x0000000026149000 VMThread [stack: 0x0000000027e20000,0x0000000027f20000] [id=16988]
  0x0000000028154000 WatcherThread [stack: 0x0000000028b20000,0x0000000028c20000] [id=18328]

VM state:not at safepoint (normal execution)

VM Mutex/Monitor currently owned by a thread:  ([mutex/lock_event])
[0x000000000312ceb0] SystemDictionary_lock - owner thread: 0x000000000312d800

Heap:
 PSYoungGen      total 152576K, used 21010K [0x0000000716100000, 0x0000000720b00000, 0x00000007c0000000)
  eden space 131072K, 16% used [0x0000000716100000,0x0000000717584898,0x000000071e100000)
  from space 21504K, 0% used [0x000000071f600000,0x000000071f600000,0x0000000720b00000)
  to   space 21504K, 0% used [0x000000071e100000,0x000000071e100000,0x000000071f600000)
 ParOldGen       total 348160K, used 0K [0x00000005c2200000, 0x00000005d7600000, 0x0000000716100000)
  object space 348160K, 0% used [0x00000005c2200000,0x00000005c2200000,0x00000005d7600000)
 Metaspace       used 6740K, capacity 6906K, committed 7040K, reserved 1056768K
  class space    used 771K, capacity 817K, committed 896K, reserved 1048576K

Card table byte_map: [0x00000000125f0000,0x00000000135e0000] byte_map_base: 0x000000000f7df000

Marking Bits: (ParMarkBitMap*) 0x0000000065532d00
 Begin Bits: [0x0000000014880000, 0x000000001c7f8000)
 End Bits:   [0x000000001c7f8000, 0x0000000024770000)

Polling page: 0x0000000000c60000

CodeCache: size=245760Kb used=1989Kb max_used=1989Kb free=243770Kb
 bounds [0x0000000003230000, 0x00000000034a0000, 0x0000000012230000]
 total_blobs=852 nmethods=587 adapters=178
 compilation: enabled

Compilation events (10 events):
Event: 0.339 Thread 0x00000000280b5800 nmethod 578 0x0000000003417590 code [0x00000000034177c0, 0x00000000034183a8]
Event: 0.340 Thread 0x00000000280b5800  579       1       org.codehaus.groovy.reflection.ParameterTypes::<init> (5 bytes)
Event: 0.340 Thread 0x00000000280b5800 nmethod 579 0x0000000003419050 code [0x00000000034191a0, 0x00000000034192b0]
Event: 0.341 Thread 0x00000000280b5800  580   !   1       java.lang.reflect.Executable::sharedToGenericString (329 bytes)
Event: 0.342 Thread 0x00000000280b5800 nmethod 580 0x0000000003419310 code [0x00000000034196c0, 0x000000000341adf8]
Event: 0.342 Thread 0x00000000280b5800  581       1       java.lang.reflect.Executable::printModifiersIfNonzero (101 bytes)
Event: 0.343 Thread 0x00000000280b5800 nmethod 581 0x000000000341d250 code [0x000000000341d480, 0x000000000341dd58]
Event: 0.343 Thread 0x00000000280b5800  582       1       java.lang.reflect.Modifier::toString (202 bytes)
Event: 0.343 Thread 0x00000000280b5800 nmethod 582 0x000000000341e6d0 code [0x000000000341e8e0, 0x000000000341ee78]
Event: 0.343 Thread 0x00000000280b5800  583       1       java.lang.reflect.Method::specificToGenericStringHeader (48 bytes)

GC Heap History (0 events):
No events

Deoptimization events (0 events):
No events

Classes redefined (0 events):
No events

Internal exceptions (10 events):
Event: 0.337 Thread 0x000000000312d800 Exception <a 'java/lang/ClassNotFoundException': grails/util/MetadataCustomizer> (0x00000007173b2398) thrown at [C:\re\workspace\8-2-build-windows-amd64-cygwin\jdk8u181\11358\hotspot\src\share\vm\classfile\systemDictionary.cpp, line 210]
Event: 0.337 Thread 0x000000000312d800 Exception <a 'java/lang/ArrayIndexOutOfBoundsException'> (0x00000007173b8790) thrown at [C:\re\workspace\8-2-build-windows-amd64-cygwin\jdk8u181\11358\hotspot\src\share\vm\runtime\sharedRuntime.cpp, line 605]
Event: 0.337 Thread 0x000000000312d800 Exception <a 'java/lang/ArrayIndexOutOfBoundsException'> (0x00000007173bafe8) thrown at [C:\re\workspace\8-2-build-windows-amd64-cygwin\jdk8u181\11358\hotspot\src\share\vm\runtime\sharedRuntime.cpp, line 605]
Event: 0.337 Thread 0x000000000312d800 Exception <a 'java/lang/ArrayIndexOutOfBoundsException'> (0x00000007173bd150) thrown at [C:\re\workspace\8-2-build-windows-amd64-cygwin\jdk8u181\11358\hotspot\src\share\vm\runtime\sharedRuntime.cpp, line 605]
Event: 0.337 Thread 0x000000000312d800 Exception <a 'java/lang/ArrayIndexOutOfBoundsException'> (0x00000007173bfa60) thrown at [C:\re\workspace\8-2-build-windows-amd64-cygwin\jdk8u181\11358\hotspot\src\share\vm\runtime\sharedRuntime.cpp, line 605]
Event: 0.337 Thread 0x000000000312d800 Exception <a 'java/lang/ArrayIndexOutOfBoundsException'> (0x00000007173c4468) thrown at [C:\re\workspace\8-2-build-windows-amd64-cygwin\jdk8u181\11358\hotspot\src\share\vm\runtime\sharedRuntime.cpp, line 605]
Event: 0.340 Thread 0x000000000312d800 Exception <a 'java/lang/ClassNotFoundException': java/lang/StringBeanInfo> (0x0000000717423c58) thrown at [C:\re\workspace\8-2-build-windows-amd64-cygwin\jdk8u181\11358\hotspot\src\share\vm\classfile\systemDictionary.cpp, line 210]
Event: 0.340 Thread 0x000000000312d800 Exception <a 'java/lang/ClassNotFoundException': java/lang/StringCustomizer> (0x00000007174280a8) thrown at [C:\re\workspace\8-2-build-windows-amd64-cygwin\jdk8u181\11358\hotspot\src\share\vm\classfile\systemDictionary.cpp, line 210]
Event: 0.341 Thread 0x000000000312d800 Exception <a 'java/lang/ArrayIndexOutOfBoundsException'> (0x000000071742edb8) thrown at [C:\re\workspace\8-2-build-windows-amd64-cygwin\jdk8u181\11358\hotspot\src\share\vm\runtime\sharedRuntime.cpp, line 605]
Event: 0.341 Thread 0x000000000312d800 Exception <a 'java/lang/ArrayIndexOutOfBoundsException'> (0x000000071743ed90) thrown at [C:\re\workspace\8-2-build-windows-amd64-cygwin\jdk8u181\11358\hotspot\src\share\vm\runtime\sharedRuntime.cpp, line 605]

Events (10 events):
Event: 0.343 loading class sun/reflect/Label
Event: 0.343 loading class sun/reflect/Label done
Event: 0.343 loading class sun/reflect/Label$PatchInfo
Event: 0.343 loading class sun/reflect/Label$PatchInfo done
Event: 0.343 loading class sun/reflect/MethodAccessorGenerator$1
Event: 0.343 loading class sun/reflect/MethodAccessorGenerator$1 done
Event: 0.343 loading class sun/reflect/ClassDefiner
Event: 0.343 loading class sun/reflect/ClassDefiner done
Event: 0.343 loading class sun/reflect/ClassDefiner$1
Event: 0.343 loading class sun/reflect/ClassDefiner$1 done


Dynamic libraries:
0x00007ff735040000 - 0x00007ff735077000 	C:\Java\jdk1.8.0_181\bin\java.exe
0x00007ff8062e0000 - 0x00007ff8064c1000 	C:\WINDOWS\SYSTEM32\ntdll.dll
0x00007ff8050e0000 - 0x00007ff805192000 	C:\WINDOWS\System32\KERNEL32.DLL
0x00007ff802a40000 - 0x00007ff802cb3000 	C:\WINDOWS\System32\KERNELBASE.dll
0x00007ff805c70000 - 0x00007ff805d11000 	C:\WINDOWS\System32\ADVAPI32.dll
0x00007ff805bd0000 - 0x00007ff805c6e000 	C:\WINDOWS\System32\msvcrt.dll
0x00007ff803770000 - 0x00007ff8037cb000 	C:\WINDOWS\System32\sechost.dll
0x00007ff805200000 - 0x00007ff805324000 	C:\WINDOWS\System32\RPCRT4.dll
0x00007ff8037d0000 - 0x00007ff803960000 	C:\WINDOWS\System32\USER32.dll
0x00007ff803700000 - 0x00007ff803720000 	C:\WINDOWS\System32\win32u.dll
0x00007ff805d80000 - 0x00007ff805da8000 	C:\WINDOWS\System32\GDI32.dll
0x00007ff8026b0000 - 0x00007ff802842000 	C:\WINDOWS\System32\gdi32full.dll
0x00007ff802d70000 - 0x00007ff802e0f000 	C:\WINDOWS\System32\msvcp_win.dll
0x00007ff802e10000 - 0x00007ff802f0a000 	C:\WINDOWS\System32\ucrtbase.dll
0x00007ffff8a20000 - 0x00007ffff8c89000 	C:\WINDOWS\WinSxS\amd64_microsoft.windows.common-controls_6595b64144ccf1df_6.0.17134.165_none_fb429645306569ac\COMCTL32.dll
0x00007ff805e50000 - 0x00007ff806173000 	C:\WINDOWS\System32\combase.dll
0x00007ff802f70000 - 0x00007ff802fea000 	C:\WINDOWS\System32\bcryptPrimitives.dll
0x00007ff805a70000 - 0x00007ff805a9d000 	C:\WINDOWS\System32\IMM32.DLL
0x00007ff802580000 - 0x00007ff8025ee000 	C:\WINDOWS\System32\dtrampo.dll
0x00000000655c0000 - 0x0000000065692000 	C:\Java\jdk1.8.0_181\jre\bin\msvcr100.dll
0x0000000064d10000 - 0x00000000655b2000 	C:\Java\jdk1.8.0_181\jre\bin\server\jvm.dll
0x00007ff805e40000 - 0x00007ff805e48000 	C:\WINDOWS\System32\PSAPI.DLL
0x00007ffffeff0000 - 0x00007ffffeff9000 	C:\WINDOWS\SYSTEM32\WSOCK32.dll
0x00007ff805db0000 - 0x00007ff805e1c000 	C:\WINDOWS\System32\WS2_32.dll
0x00007ff800110000 - 0x00007ff800133000 	C:\WINDOWS\SYSTEM32\WINMM.dll
0x00007ffffd830000 - 0x00007ffffd83a000 	C:\WINDOWS\SYSTEM32\VERSION.dll
0x00007ff8000e0000 - 0x00007ff80010a000 	C:\WINDOWS\SYSTEM32\WINMMBASE.dll
0x0000000002a90000 - 0x0000000002ad9000 	C:\WINDOWS\System32\cfgmgr32.dll
0x0000000064d00000 - 0x0000000064d0f000 	C:\Java\jdk1.8.0_181\jre\bin\verify.dll
0x0000000064cd0000 - 0x0000000064cf9000 	C:\Java\jdk1.8.0_181\jre\bin\java.dll
0x0000000064cb0000 - 0x0000000064cc6000 	C:\Java\jdk1.8.0_181\jre\bin\zip.dll
0x00007ff803bf0000 - 0x00007ff805030000 	C:\WINDOWS\System32\SHELL32.dll
0x00007ff806200000 - 0x00007ff8062a9000 	C:\WINDOWS\System32\shcore.dll
0x00007ff802ff0000 - 0x00007ff8036fd000 	C:\WINDOWS\System32\windows.storage.dll
0x00007ff805b70000 - 0x00007ff805bc1000 	C:\WINDOWS\System32\shlwapi.dll
0x00007ff802650000 - 0x00007ff802661000 	C:\WINDOWS\System32\kernel.appcore.dll
0x00007ff802690000 - 0x00007ff8026af000 	C:\WINDOWS\System32\profapi.dll
0x00007ff8025f0000 - 0x00007ff80263c000 	C:\WINDOWS\System32\powrprof.dll
0x00007ff802640000 - 0x00007ff80264a000 	C:\WINDOWS\System32\FLTLIB.DLL
0x00007ffff8f00000 - 0x00007ffff90c9000 	C:\WINDOWS\SYSTEM32\dbghelp.dll

VM Arguments:
jvm_args: -XX:+TieredCompilation -XX:TieredStopAtLevel=1 -XX:CICompilerCount=3 -Djline.WindowsTerminal.directConsole=false -Dfile.encoding=UTF-8 
java_command: org.grails.cli.GrailsCli run-app --plain-output
java_class_path (initial): C:\Users\LiXiaoping\AppData\Local\Temp\classpath1800318752.jar
Launcher Type: SUN_STANDARD

Environment Variables:
JAVA_HOME=C:\Java\jdk1.8.0_172
PATH=C:\Program Files\Python37\Scripts\;C:\Program Files\Python37\;C:\gurobi801\win64\bin;C:\Program Files (x86)\Common Files\Oracle\Java\javapath;C:\WINDOWS\system32;C:\WINDOWS;C:\WINDOWS\System32\Wbem;C:\WINDOWS\System32\WindowsPowerShell\v1.0\;C:\Program Files (x86)\NVIDIA Corporation\PhysX\Common;C:\Program Files\OpenVPN\bin;D:\Tools\DevelopingTools\apache-maven-3.5.3\bin;D:\Tools\DevelopingTools\gradle-4.8\bin;D:\Tools\DevelopingTools\spring-2.0.3.RELEASE\bin;C:\WINDOWS\system32;C:\WINDOWS;C:\WINDOWS\System32\Wbem;C:\WINDOWS\System32\WindowsPowerShell\v1.0\;C:\WINDOWS\System32\OpenSSH\;C:\Program Files\Git\cmd;C:\Users\LiXiaoping\AppData\Local\Microsoft\WindowsApps;C:\texlive\2018\bin\win32;
USERNAME=LiXiaoping
OS=Windows_NT
PROCESSOR_IDENTIFIER=Intel64 Family 6 Model 60 Stepping 3, GenuineIntel



---------------  S Y S T E M  ---------------

OS: Windows 10.0 , 64 bit Build 17134 (10.0.17134.1)

CPU:total 8 (initial active 8) (4 cores per cpu, 2 threads per core) family 6 model 60 stepping 3, cmov, cx8, fxsr, mmx, sse, sse2, sse3, ssse3, sse4.1, sse4.2, popcnt, avx, avx2, aes, clmul, erms, lzcnt, ht, tsc, tscinvbit, bmi1, bmi2

Memory: 4k page, physical 33409068k(25275000k free), swap 38389804k(27374188k free)

vm_info: Java HotSpot(TM) 64-Bit Server VM (25.181-b13) for windows-amd64 JRE (1.8.0_181-b13), built on Jul  7 2018 04:01:33 by "java_re" with MS VC++ 10.0 (VS2010)

time: Wed Aug 29 09:12:30 2018
elapsed time: 0 seconds (0d 0h 0m 0s)

